<?xml version="1.0" encoding="UTF-8"?>
<testng-results ignored="0" total="1" passed="1" failed="0" skipped="0">
  <reporter-output>
  </reporter-output>
  <suite started-at="2023-09-12T13:41:21 IST" name="Default suite" finished-at="2023-09-12T13:41:27 IST" duration-ms="6677">
    <groups>
    </groups>
    <test started-at="2023-09-12T13:41:21 IST" name="Default test" finished-at="2023-09-12T13:41:27 IST" duration-ms="6677">
      <class name="orangeHRM.testcases.AdminLoginTestCasewithInvalidInputs">
        <test-method is-config="true" signature="launchApp()[pri:0, instance:orangeHRM.testcases.AdminLoginTestCasewithInvalidInputs@7ec7ffd3]" started-at="2023-09-12T13:41:18 IST" name="launchApp" finished-at="2023-09-12T13:41:21 IST" duration-ms="2943" status="PASS">
          <reporter-output>
          </reporter-output>
        </test-method> <!-- launchApp -->
        <test-method signature="checkAdminLogin()[pri:0, instance:orangeHRM.testcases.AdminLoginTestCasewithInvalidInputs@7ec7ffd3]" started-at="2023-09-12T13:41:21 IST" name="checkAdminLogin" finished-at="2023-09-12T13:41:27 IST" duration-ms="6610" status="PASS">
          <reporter-output>
          </reporter-output>
        </test-method> <!-- checkAdminLogin -->
        <test-method is-config="true" signature="closeApp()[pri:0, instance:orangeHRM.testcases.AdminLoginTestCasewithInvalidInputs@7ec7ffd3]" started-at="2023-09-12T13:41:27 IST" name="closeApp" finished-at="2023-09-12T13:41:28 IST" duration-ms="710" status="PASS">
          <reporter-output>
          </reporter-output>
        </test-method> <!-- closeApp -->
      </class> <!-- orangeHRM.testcases.AdminLoginTestCasewithInvalidInputs -->
    </test> <!-- Default test -->
  </suite> <!-- Default suite -->
</testng-results>
