<?xml version="1.0" encoding="UTF-8"?>
<testng-results ignored="0" total="3" passed="3" failed="0" skipped="0">
  <reporter-output>
  </reporter-output>
  <suite started-at="2023-09-09T14:50:51 IST" name="OrangeHRM Test Suite" finished-at="2023-09-09T14:51:03 IST" duration-ms="12871">
    <groups>
    </groups>
    <test started-at="2023-09-09T14:50:51 IST" name="Admin Login TestCase with Valid Inputs" finished-at="2023-09-09T14:50:55 IST" duration-ms="4500">
      <class name="OrangeTestCases.AdminLoginTestwithValidInputs">
        <test-method signature="checkAdminLogin(java.lang.String,java.lang.String)[pri:0, instance:OrangeTestCases.AdminLoginTestwithValidInputs@123ef382]" started-at="2023-09-09T14:50:51 IST" name="checkAdminLogin" finished-at="2023-09-09T14:50:55 IST" duration-ms="4411" status="PASS">
          <params>
            <param index="0">
              <value>
                <![CDATA[Admin]]>
              </value>
            </param>
            <param index="1">
              <value>
                <![CDATA[Qedge123!@#]]>
              </value>
            </param>
          </params>
          <reporter-output>
          </reporter-output>
        </test-method> <!-- checkAdminLogin -->
      </class> <!-- OrangeTestCases.AdminLoginTestwithValidInputs -->
    </test> <!-- Admin Login TestCase with Valid Inputs -->
    <test started-at="2023-09-09T14:50:55 IST" name="Admin Login with Invalid Inputs" finished-at="2023-09-09T14:50:56 IST" duration-ms="902">
      <class name="OrangeTestCases.AdminLoginTestwithInvalidInputs">
        <test-method signature="checkAdminLogin(java.lang.String,java.lang.String)[pri:0, instance:OrangeTestCases.AdminLoginTestwithInvalidInputs@6c64cb25]" started-at="2023-09-09T14:50:55 IST" name="checkAdminLogin" finished-at="2023-09-09T14:50:56 IST" duration-ms="893" status="PASS">
          <params>
            <param index="0">
              <value>
                <![CDATA[abc]]>
              </value>
            </param>
            <param index="1">
              <value>
                <![CDATA[xyz]]>
              </value>
            </param>
          </params>
          <reporter-output>
          </reporter-output>
        </test-method> <!-- checkAdminLogin -->
      </class> <!-- OrangeTestCases.AdminLoginTestwithInvalidInputs -->
    </test> <!-- Admin Login with Invalid Inputs -->
    <test started-at="2023-09-09T14:50:56 IST" name="Employee Regestration TestCase" finished-at="2023-09-09T14:51:03 IST" duration-ms="7327">
      <class name="OrangeTestCases.EmployeeRegestrationTest">
        <test-method is-config="true" signature="launchApp()[pri:0, instance:OrangeTestCases.EmployeeRegestrationTest@38c6f217]" started-at="2023-09-09T14:50:46 IST" name="launchApp" finished-at="2023-09-09T14:50:51 IST" duration-ms="4439" status="PASS">
          <reporter-output>
          </reporter-output>
        </test-method> <!-- launchApp -->
        <test-method is-config="true" signature="adminLogin()[pri:0, instance:OrangeTestCases.EmployeeRegestrationTest@38c6f217]" started-at="2023-09-09T14:50:56 IST" name="adminLogin" finished-at="2023-09-09T14:50:58 IST" duration-ms="1550" status="PASS">
          <reporter-output>
          </reporter-output>
        </test-method> <!-- adminLogin -->
        <test-method signature="checkEmployeeRegestration(java.lang.String,java.lang.String)[pri:0, instance:OrangeTestCases.EmployeeRegestrationTest@38c6f217]" started-at="2023-09-09T14:50:58 IST" name="checkEmployeeRegestration" finished-at="2023-09-09T14:51:02 IST" duration-ms="4698" status="PASS">
          <params>
            <param index="0">
              <value>
                <![CDATA[Smith]]>
              </value>
            </param>
            <param index="1">
              <value>
                <![CDATA[J]]>
              </value>
            </param>
          </params>
          <reporter-output>
          </reporter-output>
        </test-method> <!-- checkEmployeeRegestration -->
        <test-method is-config="true" signature="adminLogout()[pri:0, instance:OrangeTestCases.EmployeeRegestrationTest@38c6f217]" started-at="2023-09-09T14:51:02 IST" name="adminLogout" finished-at="2023-09-09T14:51:03 IST" duration-ms="1068" status="PASS">
          <reporter-output>
          </reporter-output>
        </test-method> <!-- adminLogout -->
        <test-method is-config="true" signature="closeApp()[pri:0, instance:OrangeTestCases.EmployeeRegestrationTest@38c6f217]" started-at="2023-09-09T14:51:04 IST" name="closeApp" finished-at="2023-09-09T14:51:04 IST" duration-ms="132" status="PASS">
          <reporter-output>
          </reporter-output>
        </test-method> <!-- closeApp -->
      </class> <!-- OrangeTestCases.EmployeeRegestrationTest -->
    </test> <!-- Employee Regestration TestCase -->
  </suite> <!-- OrangeHRM Test Suite -->
</testng-results>
