<?xml version="1.0" encoding="UTF-8"?>
<testng-results ignored="0" total="1" passed="1" failed="0" skipped="0">
  <reporter-output>
  </reporter-output>
  <suite started-at="2023-09-14T18:41:03 IST" name="Default suite" finished-at="2023-09-14T18:41:06 IST" duration-ms="3224">
    <groups>
    </groups>
    <test started-at="2023-09-14T18:41:03 IST" name="Default test" finished-at="2023-09-14T18:41:06 IST" duration-ms="3224">
      <class name="orangeHRM.testcases.OrangeHRM_HybridTest">
        <test-method is-config="true" signature="launchApp()[pri:0, instance:orangeHRM.testcases.OrangeHRM_HybridTest@7ec7ffd3]" started-at="2023-09-14T18:40:56 IST" name="launchApp" finished-at="2023-09-14T18:41:03 IST" duration-ms="6809" status="PASS">
          <reporter-output>
          </reporter-output>
        </test-method> <!-- launchApp -->
        <test-method signature="checkOrangeHRM()[pri:0, instance:orangeHRM.testcases.OrangeHRM_HybridTest@7ec7ffd3]" started-at="2023-09-14T18:41:03 IST" name="checkOrangeHRM" finished-at="2023-09-14T18:41:06 IST" duration-ms="3117" status="PASS">
          <reporter-output>
          </reporter-output>
        </test-method> <!-- checkOrangeHRM -->
        <test-method is-config="true" signature="closeApp()[pri:0, instance:orangeHRM.testcases.OrangeHRM_HybridTest@7ec7ffd3]" started-at="2023-09-14T18:41:06 IST" name="closeApp" finished-at="2023-09-14T18:41:06 IST" duration-ms="251" status="PASS">
          <reporter-output>
          </reporter-output>
        </test-method> <!-- closeApp -->
      </class> <!-- orangeHRM.testcases.OrangeHRM_HybridTest -->
    </test> <!-- Default test -->
  </suite> <!-- Default suite -->
</testng-results>
