<?xml version="1.0" encoding="UTF-8"?>
<testng-results ignored="0" total="1" passed="1" failed="0" skipped="0">
  <reporter-output>
  </reporter-output>
  <suite started-at="2023-09-26T16:33:26 IST" name="Default suite" finished-at="2023-09-26T16:33:41 IST" duration-ms="15405">
    <groups>
    </groups>
    <test started-at="2023-09-26T16:33:26 IST" name="Default test" finished-at="2023-09-26T16:33:41 IST" duration-ms="15405">
      <class name="orangeHRM.testcases.OrangeHRM_HybridTest">
        <test-method is-config="true" signature="launchApp()[pri:0, instance:orangeHRM.testcases.OrangeHRM_HybridTest@708f5957]" started-at="2023-09-26T16:33:24 IST" name="launchApp" finished-at="2023-09-26T16:33:26 IST" duration-ms="2235" status="PASS">
          <reporter-output>
          </reporter-output>
        </test-method> <!-- launchApp -->
        <test-method signature="checkOrangeHRM()[pri:0, instance:orangeHRM.testcases.OrangeHRM_HybridTest@708f5957]" started-at="2023-09-26T16:33:26 IST" name="checkOrangeHRM" finished-at="2023-09-26T16:33:41 IST" duration-ms="15373" status="PASS">
          <reporter-output>
          </reporter-output>
        </test-method> <!-- checkOrangeHRM -->
        <test-method is-config="true" signature="closeApp()[pri:0, instance:orangeHRM.testcases.OrangeHRM_HybridTest@708f5957]" started-at="2023-09-26T16:33:42 IST" name="closeApp" finished-at="2023-09-26T16:33:42 IST" duration-ms="77" status="PASS">
          <reporter-output>
          </reporter-output>
        </test-method> <!-- closeApp -->
      </class> <!-- orangeHRM.testcases.OrangeHRM_HybridTest -->
    </test> <!-- Default test -->
  </suite> <!-- Default suite -->
</testng-results>
