<?xml version="1.0" encoding="UTF-8"?>
<testng-results ignored="0" total="1" passed="1" failed="0" skipped="0">
  <reporter-output>
  </reporter-output>
  <suite started-at="2023-09-15T17:55:13 IST" name="Default suite" finished-at="2023-09-15T17:55:14 IST" duration-ms="1003">
    <groups>
    </groups>
    <test started-at="2023-09-15T17:55:13 IST" name="Default test" finished-at="2023-09-15T17:55:14 IST" duration-ms="1003">
      <class name="hrm.testcases.AdminLoginwithInvalidData">
        <test-method is-config="true" signature="launchApp()[pri:0, instance:hrm.testcases.AdminLoginwithInvalidData@5876a9af]" started-at="2023-09-15T17:55:10 IST" name="launchApp" finished-at="2023-09-15T17:55:13 IST" duration-ms="3080" status="PASS">
          <reporter-output>
          </reporter-output>
        </test-method> <!-- launchApp -->
        <test-method signature="checkAdminLogin()[pri:0, instance:hrm.testcases.AdminLoginwithInvalidData@5876a9af]" started-at="2023-09-15T17:55:13 IST" name="checkAdminLogin" finished-at="2023-09-15T17:55:14 IST" duration-ms="917" status="PASS">
          <reporter-output>
          </reporter-output>
        </test-method> <!-- checkAdminLogin -->
        <test-method is-config="true" signature="closeApp()[pri:0, instance:hrm.testcases.AdminLoginwithInvalidData@5876a9af]" started-at="2023-09-15T17:55:14 IST" name="closeApp" finished-at="2023-09-15T17:55:14 IST" duration-ms="164" status="PASS">
          <reporter-output>
          </reporter-output>
        </test-method> <!-- closeApp -->
      </class> <!-- hrm.testcases.AdminLoginwithInvalidData -->
    </test> <!-- Default test -->
  </suite> <!-- Default suite -->
</testng-results>
